URL: https://www.olx.com.br/autos-e-pecas/carros-vans-e-utilitarios/estado-pr/regiao-de-curitiba-e-paranagua?ps=25000&pe=55000&sp=6&gb=1&gb=2&ics=1&ics=2&ics=5&cf=1&fu=1&fu=2&fu=3&fu=6&fu=7&rs=2016
Banco limpo (0 registros removidos)

  Page 1 — fetching...
  Scraped 5 items...
  Scraped 10 items...
  Scraped 15 items...
  Scraped 20 items...
  Scraped 25 items...
  Scraped 30 items...
  Scraped 35 items...
  Scraped 40 items...
  Scraped 45 items...
  Scraped 50 items...
  Scraped 55 items...
  Next page → sleeping 2.0s...
  Page 2 — fetching...
  Scraped 60 items...
  Scraped 65 items...
  Scraped 70 items...
  Scraped 75 items...
  Scraped 80 items...
  Scraped 85 items...
  Scraped 90 items...
  Scraped 95 items...
  Scraped 100 items...
  Scraped 105 items...
  Scraped 110 items...
  Next page → sleeping 2.0s...
  Page 3 — fetching...
  Scraped 115 items...
  Scraped 120 items...
  Scraped 125 items...
  Scraped 130 items...
  Scraped 135 items...
  Scraped 140 items...
  Scraped 145 items...
  Scraped 150 items...
  Scraped 155 items...
  Scraped 160 items...
  Scraped 165 items...
  Scraped 170 items...
  Next page → sleeping 2.0s...
  Page 4 — fetching...
  Scraped 175 items...
  Scraped 180 items...
  Scraped 185 items...
  Scraped 190 items...
  Scraped 195 items...
  Scraped 200 items...
  Scraped 205 items...
  Scraped 210 items...
  Scraped 215 items...
  Scraped 220 items...
  Scraped 225 items...
  Next page → sleeping 2.0s...
  Page 5 — fetching...
  Scraped 230 items...
  Scraped 235 items...
  Scraped 240 items...
  Scraped 245 items...
  Scraped 250 items...
  Scraped 255 items...
  Scraped 260 items...
  Scraped 265 items...
  Scraped 270 items...
  Scraped 275 items...
  Scraped 280 items...
  Scraped 285 items...
  Next page → sleeping 2.0s...
  Page 6 — fetching...
  Scraped 290 items...
  Scraped 295 items...
  Scraped 300 items...
  Scraped 305 items...
  Scraped 310 items...
  Scraped 315 items...
  Scraped 320 items...
  Scraped 325 items...
  Scraped 330 items...
  Scraped 335 items...
  Scraped 340 items...
  Next page → sleeping 2.0s...
  Page 7 — fetching...
  Scraped 345 items...
  Scraped 350 items...
  Scraped 355 items...
  Scraped 360 items...
  Scraped 365 items...
  Scraped 370 items...
  Scraped 375 items...
  Scraped 380 items...
  Scraped 385 items...
  Scraped 390 items...
  Scraped 395 items...
  Next page → sleeping 2.0s...
  Page 8 — fetching...
  Scraped 400 items...
  Scraped 405 items...
  Scraped 410 items...
  Scraped 415 items...
  Scraped 420 items...
  Scraped 425 items...
  Scraped 430 items...
  Scraped 435 items...
  Scraped 440 items...
  Scraped 445 items...
  Scraped 450 items...
  Scraped 455 items...
  Next page → sleeping 2.0s...
  Page 9 — fetching...
  Scraped 460 items...
  Scraped 465 items...
  Scraped 470 items...
  Scraped 475 items...
  Scraped 480 items...
  Scraped 485 items...
  Scraped 490 items...
  Scraped 495 items...
  Scraped 500 items...
  Scraped 505 items...
  Scraped 510 items...
  Next page → sleeping 2.0s...
  Page 10 — fetching...
  Scraped 515 items...
  Scraped 520 items...
  Scraped 525 items...
  Scraped 530 items...
  Scraped 535 items...
  Scraped 540 items...
  Scraped 545 items...
  Scraped 550 items...
  Scraped 555 items...
  Scraped 560 items...
  Scraped 565 items...
  Scraped 570 items...
  Next page → sleeping 2.0s...
  Page 11 — fetching...
  Scraped 575 items...
  Scraped 580 items...
  Scraped 585 items...
  Scraped 590 items...
  Scraped 595 items...
  Scraped 600 items...
  Scraped 605 items...
  Scraped 610 items...
  Scraped 615 items...
  Scraped 620 items...
  Scraped 625 items...
  Next page → sleeping 2.0s...
  Page 12 — fetching...
  Scraped 630 items...
  Scraped 635 items...
  Scraped 640 items...
  Scraped 645 items...
  Scraped 650 items...
  Scraped 655 items...
  Scraped 660 items...
  Scraped 665 items...
  Scraped 670 items...
  Scraped 675 items...
  Scraped 680 items...
  Next page → sleeping 2.0s...
  Page 13 — fetching...
  Scraped 685 items...
  Scraped 690 items...
  Scraped 695 items...
  Scraped 700 items...
  Scraped 705 items...
  Scraped 710 items...
  Scraped 715 items...
  Scraped 720 items...
  Scraped 725 items...
  Scraped 730 items...
  Scraped 735 items...
  Scraped 740 items...
  Next page → sleeping 2.0s...
  Page 14 — fetching...
  Scraped 745 items...
  Scraped 750 items...
  Scraped 755 items...
  Scraped 760 items...
  Scraped 765 items...
  Scraped 770 items...
  Scraped 775 items...
  Scraped 780 items...
  Scraped 785 items...
  Scraped 790 items...
  Scraped 795 items...
  Next page → sleeping 2.0s...
  Page 15 — fetching...
  Scraped 800 items...
  Scraped 805 items...
  Scraped 810 items...
  Scraped 815 items...
  Scraped 820 items...
  Scraped 825 items...
  Scraped 830 items...
  Scraped 835 items...
  Scraped 840 items...
  Scraped 845 items...
  Scraped 850 items...
  Scraped 855 items...
  Next page → sleeping 2.0s...
  Page 16 — fetching...
  Scraped 860 items...
  Scraped 865 items...
  Scraped 870 items...
  Scraped 875 items...
  Scraped 880 items...
  Scraped 885 items...
  Scraped 890 items...
  Scraped 895 items...
  Scraped 900 items...
  Scraped 905 items...
  Scraped 910 items...
  Next page → sleeping 2.0s...
  Page 17 — fetching...
  Scraped 915 items...
  Scraped 920 items...
  Scraped 925 items...
  Scraped 930 items...
  Scraped 935 items...
  Scraped 940 items...
  Scraped 945 items...
  Scraped 950 items...
  Scraped 955 items...
  Scraped 960 items...
  Scraped 965 items...
  Next page → sleeping 2.0s...
  Page 18 — fetching...
  Scraped 970 items...
  Scraped 975 items...
  Scraped 980 items...
  Scraped 985 items...
  Scraped 990 items...
  Scraped 995 items...
  Scraped 1000 items...
  Scraped 1005 items...
  Scraped 1010 items...
  Scraped 1015 items...
  Scraped 1020 items...
  Scraped 1025 items...
  Next page → sleeping 2.0s...
  Page 19 — fetching...
  Scraped 1030 items...
  Scraped 1035 items...
  Scraped 1040 items...
  Scraped 1045 items...
  Scraped 1050 items...
  Scraped 1055 items...
  Scraped 1060 items...
  Scraped 1065 items...
  Scraped 1070 items...
  Scraped 1075 items...
  Scraped 1080 items...
  Next page → sleeping 2.0s...
  Page 20 — fetching...
  Scraped 1085 items...
  Scraped 1090 items...
  Scraped 1095 items...
  Scraped 1100 items...
  Scraped 1105 items...
  Scraped 1110 items...
  Scraped 1115 items...
  Scraped 1120 items...
  Scraped 1125 items...
  Scraped 1130 items...
  Scraped 1135 items...
  Scraped 1140 items...
  Next page → sleeping 2.0s...
  Page 21 — fetching...
  Scraped 1145 items...
  Scraped 1150 items...
  Scraped 1155 items...
  Scraped 1160 items...
  Scraped 1165 items...
  Scraped 1170 items...
  Scraped 1175 items...
  Scraped 1180 items...
  Scraped 1185 items...
  Scraped 1190 items...
  Scraped 1195 items...
  Next page → sleeping 2.0s...
  Page 22 — fetching...
  Scraped 1200 items...
  Scraped 1205 items...
  Scraped 1210 items...
  Scraped 1215 items...
  Scraped 1220 items...
  Scraped 1225 items...
  Scraped 1230 items...
  Scraped 1235 items...
  Scraped 1240 items...
  Scraped 1245 items...
  Scraped 1250 items...
  Next page → sleeping 2.0s...
  Page 23 — fetching...
  Scraped 1255 items...
  Scraped 1260 items...
  Scraped 1265 items...
  Scraped 1270 items...
  Scraped 1275 items...
  Scraped 1280 items...
  Scraped 1285 items...
  Scraped 1290 items...
  Scraped 1295 items...
  Scraped 1300 items...
  Scraped 1305 items...
  Scraped 1310 items...
  Next page → sleeping 2.0s...
  Page 24 — fetching...
  Scraped 1315 items...
  Scraped 1320 items...
  Scraped 1325 items...
  Scraped 1330 items...
  Scraped 1335 items...
  Scraped 1340 items...
  Scraped 1345 items...
  Scraped 1350 items...
  Scraped 1355 items...
  Scraped 1360 items...
  Scraped 1365 items...
  Next page → sleeping 2.0s...
  Page 25 — fetching...
  Scraped 1370 items...
  Scraped 1375 items...
  Scraped 1380 items...
  Scraped 1385 items...
  Scraped 1390 items...
  Scraped 1395 items...
  Scraped 1400 items...
  Scraped 1405 items...
  Scraped 1410 items...
  Scraped 1415 items...
  Scraped 1420 items...
  Scraped 1425 items...
  Next page → sleeping 2.0s...
  Page 26 — fetching...
  Scraped 1430 items...
  Scraped 1435 items...
  Scraped 1440 items...
  Scraped 1445 items...
  Scraped 1450 items...
  Scraped 1455 items...
  Scraped 1460 items...
  Scraped 1465 items...
  Scraped 1470 items...
  Scraped 1475 items...
  Scraped 1480 items...
  Next page → sleeping 2.0s...
  Page 27 — fetching...
  Scraped 1485 items...
  Scraped 1490 items...
  Scraped 1495 items...
  Scraped 1500 items...
  Scraped 1505 items...
  Scraped 1510 items...
  Scraped 1515 items...
  Scraped 1520 items...
  Scraped 1525 items...
  Scraped 1530 items...
  Scraped 1535 items...
  Next page → sleeping 2.0s...
  Page 28 — fetching...
  Scraped 1540 items...
  Scraped 1545 items...
  Scraped 1550 items...
  Scraped 1555 items...
  Scraped 1560 items...
  Scraped 1565 items...
  Scraped 1570 items...
  Scraped 1575 items...
  Scraped 1580 items...
  Scraped 1585 items...
  Scraped 1590 items...
  Scraped 1595 items...
  Next page → sleeping 2.0s...
  Page 29 — fetching...
  Scraped 1600 items...
  Scraped 1605 items...
  Scraped 1610 items...
  Scraped 1615 items...
  Scraped 1620 items...
  Scraped 1625 items...
  Scraped 1630 items...
  Scraped 1635 items...
  Scraped 1640 items...
  Scraped 1645 items...
  Scraped 1650 items...
  Next page → sleeping 2.0s...
  Page 30 — fetching...
  Scraped 1655 items...
  Scraped 1660 items...
  Scraped 1665 items...
  Scraped 1670 items...
  Scraped 1675 items...
  Scraped 1680 items...
  Scraped 1685 items...
  Scraped 1690 items...
  Scraped 1695 items...
  Scraped 1700 items...
  Scraped 1705 items...
  Next page → sleeping 2.0s...
  Page 31 — fetching...
  Scraped 1710 items...
  Scraped 1715 items...

Done! Scraped 1716 listings total.
